3349
147
1454
5488
5479
992
120
2353
430
127
3185
1418
391
3774
5045
5984
4125
4118
626
2893
324
842
1138
2256
3470
1163
4379
1745
5413
782
1068
1584
2796
2113
2983
283
4560
5122
3536
1459
4748
1572
884
603
4361
918
3229
2709
3349
147
1454
5488
5479
992
120
2353
430
127
3185
1418
391
3774
5045
5984
4125
4118
626
2893
324
842
1138
2256
3470
1163
4379
1745
5413
782
1068
1584
2796
2113
2983
283
4560
5122
3536
1459
4748
1572
884
603
4361
918
3229
2709
3034495442
6180738192
166
165
148
130
99999
499988
499990
