execve("./hello", ["./hello"], 0x7ffd717d9a50 /* 54 vars */) = 0
brk(NULL)                               = 0x55e9e5fae000
access("/etc/ld.so.preload", R_OK)      = -1 ENOENT (沒有此一檔案或目錄)
openat(AT_FDCWD, "/etc/ld.so.cache", O_RDONLY|O_CLOEXEC) = 3
fstat(3, {st_mode=S_IFREG|0644, st_size=86516, ...}) = 0
mmap(NULL, 86516, PROT_READ, MAP_PRIVATE, 3, 0) = 0x7fa5fefcf000
close(3)                                = 0
openat(AT_FDCWD, "/lib/x86_64-linux-gnu/libc.so.6", O_RDONLY|O_CLOEXEC) = 3
read(3, "\177ELF\2\1\1\3\0\0\0\0\0\0\0\0\3\0>\0\1\0\0\0\200\177\2\0\0\0\0\0"..., 832) = 832
fstat(3, {st_mode=S_IFREG|0755, st_size=1839168, ...}) = 0
mmap(NULL, 8192, PROT_READ|PROT_WRITE, MAP_PRIVATE|MAP_ANONYMOUS, -1, 0) = 0x7fa5fefcd000
mmap(NULL, 1852480, PROT_READ, MAP_PRIVATE|MAP_DENYWRITE, 3, 0) = 0x7fa5fee08000
mprotect(0x7fa5fee2e000, 1658880, PROT_NONE) = 0
mmap(0x7fa5fee2e000, 1347584, PROT_READ|PROT_EXEC, MAP_PRIVATE|MAP_FIXED|MAP_DENYWRITE, 3, 0x26000) = 0x7fa5fee2e000
mmap(0x7fa5fef77000, 307200, PROT_READ, MAP_PRIVATE|MAP_FIXED|MAP_DENYWRITE, 3, 0x16f000) = 0x7fa5fef77000
mmap(0x7fa5fefc3000, 24576, PROT_READ|PROT_WRITE, MAP_PRIVATE|MAP_FIXED|MAP_DENYWRITE, 3, 0x1ba000) = 0x7fa5fefc3000
mmap(0x7fa5fefc9000, 13376, PROT_READ|PROT_WRITE, MAP_PRIVATE|MAP_FIXED|MAP_ANONYMOUS, -1, 0) = 0x7fa5fefc9000
close(3)                                = 0
mmap(NULL, 8192, PROT_READ|PROT_WRITE, MAP_PRIVATE|MAP_ANONYMOUS, -1, 0) = 0x7fa5fee06000
arch_prctl(ARCH_SET_FS, 0x7fa5fefce540) = 0
mprotect(0x7fa5fefc3000, 12288, PROT_READ) = 0
mprotect(0x55e9e468b000, 4096, PROT_READ) = 0
mprotect(0x7fa5ff00f000, 4096, PROT_READ) = 0
munmap(0x7fa5fefcf000, 86516)           = 0
fstat(1, {st_mode=S_IFCHR|0600, st_rdev=makedev(0x88, 0), ...}) = 0
brk(NULL)                               = 0x55e9e5fae000
brk(0x55e9e5fcf000)                     = 0x55e9e5fcf000
write(1, "hello world\n", 12)           = 12
exit_group(0)                           = ?
+++ exited with 0 +++
