execve("./hello", ["./hello"], 0x7ffc4d6bb000 /* 54 vars */) = 0 <0.000128>
brk(NULL)                               = 0x5556e8a9d000 <0.000005>
access("/etc/ld.so.preload", R_OK)      = -1 ENOENT (沒有此一檔案或目錄) <0.000009>
openat(AT_FDCWD, "/etc/ld.so.cache", O_RDONLY|O_CLOEXEC) = 3 <0.000009>
fstat(3, {st_mode=S_IFREG|0644, st_size=86516, ...}) = 0 <0.000006>
mmap(NULL, 86516, PROT_READ, MAP_PRIVATE, 3, 0) = 0x7f07e1f5a000 <0.000007>
close(3)                                = 0 <0.000005>
openat(AT_FDCWD, "/lib/x86_64-linux-gnu/libc.so.6", O_RDONLY|O_CLOEXEC) = 3 <0.000009>
read(3, "\177ELF\2\1\1\3\0\0\0\0\0\0\0\0\3\0>\0\1\0\0\0\200\177\2\0\0\0\0\0"..., 832) = 832 <0.000006>
fstat(3, {st_mode=S_IFREG|0755, st_size=1839168, ...}) = 0 <0.000006>
mmap(NULL, 8192, PROT_READ|PROT_WRITE, MAP_PRIVATE|MAP_ANONYMOUS, -1, 0) = 0x7f07e1f58000 <0.000010>
mmap(NULL, 1852480, PROT_READ, MAP_PRIVATE|MAP_DENYWRITE, 3, 0) = 0x7f07e1d93000 <0.000008>
mprotect(0x7f07e1db9000, 1658880, PROT_NONE) = 0 <0.000009>
mmap(0x7f07e1db9000, 1347584, PROT_READ|PROT_EXEC, MAP_PRIVATE|MAP_FIXED|MAP_DENYWRITE, 3, 0x26000) = 0x7f07e1db9000 <0.000010>
mmap(0x7f07e1f02000, 307200, PROT_READ, MAP_PRIVATE|MAP_FIXED|MAP_DENYWRITE, 3, 0x16f000) = 0x7f07e1f02000 <0.000008>
mmap(0x7f07e1f4e000, 24576, PROT_READ|PROT_WRITE, MAP_PRIVATE|MAP_FIXED|MAP_DENYWRITE, 3, 0x1ba000) = 0x7f07e1f4e000 <0.000009>
mmap(0x7f07e1f54000, 13376, PROT_READ|PROT_WRITE, MAP_PRIVATE|MAP_FIXED|MAP_ANONYMOUS, -1, 0) = 0x7f07e1f54000 <0.000008>
close(3)                                = 0 <0.000005>
mmap(NULL, 8192, PROT_READ|PROT_WRITE, MAP_PRIVATE|MAP_ANONYMOUS, -1, 0) = 0x7f07e1d91000 <0.000008>
arch_prctl(ARCH_SET_FS, 0x7f07e1f59540) = 0 <0.000005>
mprotect(0x7f07e1f4e000, 12288, PROT_READ) = 0 <0.000011>
mprotect(0x5556e7c5c000, 4096, PROT_READ) = 0 <0.000009>
mprotect(0x7f07e1f9a000, 4096, PROT_READ) = 0 <0.000010>
munmap(0x7f07e1f5a000, 86516)           = 0 <0.000019>
fstat(1, {st_mode=S_IFCHR|0600, st_rdev=makedev(0x88, 0), ...}) = 0 <0.000007>
brk(NULL)                               = 0x5556e8a9d000 <0.000005>
brk(0x5556e8abe000)                     = 0x5556e8abe000 <0.000007>
write(1, "hello world\n", 12)           = 12 <0.000023>
exit_group(0)                           = ?
+++ exited with 0 +++
